<?xml version="1.0" encoding="UTF-8"?>
<!-- Generated by org.testng.reporters.JUnitReportReporter -->
<testsuite hostname="GSY-IBhangu" failures="0" tests="1" name="automation.Fusion" time="56.449" errors="0" timestamp="26 May 2021 18:46:12 GMT">
  <testcase classname="automation.Fusion" name="m1" time="56.449"/>
</testsuite> <!-- automation.Fusion -->
